<?xml version="1.0" encoding="UTF-8"?>
<testsuite name="org.hyperskill.aquarium.Stage3UnitTest" tests="5" skipped="0" failures="0" errors="0" timestamp="2025-06-24T16:50:27" hostname="MacBook-Pro-de-ignacio.local" time="0.383">
  <properties/>
  <testcase name="test00_checkViewPager" classname="org.hyperskill.aquarium.Stage3UnitTest" time="0.063"/>
  <testcase name="test01_whenOnPageZeroCheckNextOnce" classname="org.hyperskill.aquarium.Stage3UnitTest" time="0.081"/>
  <testcase name="test02_whenOnPageOneCheckPreviousOnce" classname="org.hyperskill.aquarium.Stage3UnitTest" time="0.066"/>
  <testcase name="test02_whenOnPageZeroCheckNextUntilLastPage" classname="org.hyperskill.aquarium.Stage3UnitTest" time="0.089"/>
  <testcase name="test03_whenOnLastPageCheckPreviousUntilFirstPage" classname="org.hyperskill.aquarium.Stage3UnitTest" time="0.083"/>
  <system-out><![CDATA[]]></system-out>
  <system-err><![CDATA[]]></system-err>
</testsuite>
