<?xml version="1.0" encoding="UTF-8"?>
<testsuite name="org.hyperskill.aquarium.Stage1BUnitTest" tests="7" skipped="0" failures="0" errors="0" timestamp="2025-06-24T16:50:23" hostname="MacBook-Pro-de-ignacio.local" time="4.105">
  <properties/>
  <testcase name="test00_checkCardView" classname="org.hyperskill.aquarium.Stage1BUnitTest" time="3.633"/>
  <testcase name="test01_checkNestedScrollView" classname="org.hyperskill.aquarium.Stage1BUnitTest" time="0.088"/>
  <testcase name="test02_checkImageView" classname="org.hyperskill.aquarium.Stage1BUnitTest" time="0.105"/>
  <testcase name="test03_checkTvName" classname="org.hyperskill.aquarium.Stage1BUnitTest" time="0.087"/>
  <testcase name="test04_checkTvDescription" classname="org.hyperskill.aquarium.Stage1BUnitTest" time="0.061"/>
  <testcase name="test05_checkPageDefaultContent" classname="org.hyperskill.aquarium.Stage1BUnitTest" time="0.058"/>
  <testcase name="test06_checkPageCustomContent" classname="org.hyperskill.aquarium.Stage1BUnitTest" time="0.072"/>
  <system-out><![CDATA[]]></system-out>
  <system-err><![CDATA[]]></system-err>
</testsuite>
